# Server version 0.08 running on Murko:8123
# Game ID: 8
# Board class: Saboteur.SaboteurBoard
# Timeout: 20000
# First Move Timeout: 30000
# Date: Sun Mar 29 14:23:47 EDT 2020
# Player 1: Player-0, 'Human', running on Murko
# Player 2: Player-1, 'RandomPlayer', running on Murko
START Player-0 Human
START Player-1 RandomPlayer
BoardInit:Map,Tile:9,Tile:9,Tile:6,Bonus,Tile:7,Tile:3,Tile:7,Destroy,Tile:0,Tile:7,Tile:10,Bonus,Tile:8,Tile:9,Tile:2,Tile:5,Tile:0,Tile:7,Malus,Tile:8,Tile:9,Map,Tile:5,Bonus,Tile:13,Map,Tile:11,Map,Tile:5,Tile:15,Tile:8,Tile:6,Tile:14,Tile:9,Tile:7,Map,Tile:1,Map,Tile:6,Tile:8-Tile:0,Tile:10,Tile:6,Tile:12,Tile:4,Tile:8,Tile:0-Malus,Tile:5,Tile:10,Bonus,Destroy,Destroy,Tile:6-Tile:hidden1,Tile:hidden2,Tile:nugget
Tile:6_flip 5 4 1
Tile:5_flip 5 6 0
Tile:0 6 4 1
Tile:6 7 4 0
Tile:9 7 3 1
Tile:6 8 4 0
Tile:12 6 5 1
Tile:7 9 4 0
Map 12 3 1
Tile:9 9 5 0
Destroy 5 4 1
Tile:0 10 5 0
Drop 2 0 1
Tile:10 9 6 0
Tile:0 4 6 1
Tile:8 11 5 0
Tile:9_flip 8 3 1
Tile:7 11 4 0
Tile:3_flip 4 5 1
Malus 0 0 0
Drop 4 0 1
Malus 0 0 0
Drop 3 0 1
Tile:10 11 6 0
Drop 5 0 1
Tile:9 11 7 0
Bonus 0 0 1
Destroy 11 4 0
Map 12 5 1
Tile:2 8 2 0
Bonus 0 0 1
Tile:13 9 7 0
Tile:5_flip 10 7 1
Tile:8 11 4 0
Tile:7 12 4 1
Tile:5 11 3 0
Tile:9 7 2 1
Tile:5 5 4 0
GAMEOVER WINNER 0
# Game ended: Sun Mar 29 14:26:38 EDT 2020
