# Server version 0.08 running on Murko:8123
# Game ID: 1
# Board class: Saboteur.SaboteurBoard
# Timeout: 20000
# First Move Timeout: 30000
# Date: Sun Mar 29 13:41:43 EDT 2020
# Player 1: Player-0, 'RandomPlayer', running on Murko
# Player 2: Player-1, 'Human', running on Murko
START Player-0 RandomPlayer
START Player-1 Human
BoardInit:Tile:8,Destroy,Tile:0,Tile:7,Malus,Tile:5,Tile:0,Tile:4,Destroy,Malus,Map,Tile:6,Tile:6,Bonus,Tile:7,Tile:2,Tile:9,Tile:8,Tile:8,Tile:13,Tile:5,Tile:7,Map,Tile:14,Tile:6,Tile:8,Tile:12,Bonus,Bonus,Bonus,Map,Tile:1,Tile:10,Tile:6,Tile:7,Tile:10,Tile:7,Tile:9,Tile:9,Tile:0,Tile:9-Tile:6,Tile:5,Map,Tile:15,Map,Tile:11,Tile:3-Tile:5,Destroy,Tile:0,Map,Tile:9,Tile:10,Tile:8-Tile:hidden2,Tile:nugget,Tile:hidden1
Drop 0 0 1
Drop 3 0 0
Tile:5 4 5 1
Drop 1 0 0
Tile:8 6 5 1
Tile:7_flip 5 6 0
Tile:15 5 4 1
Drop 6 0 0
Tile:0 7 5 1
Tile:4_flip 4 6 0
Tile:0 8 5 1
Destroy 5 6 0
Tile:11 5 3 1
Drop 0 0 0
Tile:3 6 3 1
Tile:10 6 4 0
Tile:7 5 2 1
Tile:9_flip 9 5 0
Tile:6 9 6 1
Tile:2_flip 4 2 0
Tile:9 9 4 1
Tile:13 3 2 0
Tile:8 10 4 1
Tile:8 9 3 0
Tile:5 9 2 1
Tile:7 3 1 0
Tile:6 10 2 1
Tile:8 10 1 0
Tile:12 11 1 1
Tile:8 6 6 0
Map 12 5 1
Tile:0 11 2 0
Destroy 10 2 1
Drop 6 0 0
Drop 2 0 1
Tile:14_flip 2 1 0
Map 12 7 1
Tile:6_flip 7 6 0
Map 12 3 1
Tile:9_flip 12 2 0
Tile:10 6 7 1
Tile:10 7 7 0
GAMEOVER USER CANCEL UNDECIDED
# Game ended: Sun Mar 29 13:54:55 EDT 2020
