# Server version 0.08 running on Murko:8123
# Game ID: 4
# Board class: Saboteur.SaboteurBoard
# Timeout: 20000
# First Move Timeout: 30000
# Date: Sun Mar 29 14:04:29 EDT 2020
# Player 1: Player-0, 'RandomPlayer', running on Murko
# Player 2: Player-1, 'Human', running on Murko
START Player-0 RandomPlayer
START Player-1 Human
BoardInit:Tile:0,Map,Tile:8,Bonus,Tile:8,Tile:9,Tile:13,Tile:14,Tile:8,Tile:6,Tile:9,Tile:9,Tile:8,Bonus,Tile:7,Tile:0,Malus,Tile:5,Tile:5,Tile:5,Tile:5,Map,Destroy,Tile:9,Map,Tile:0,Tile:15,Destroy,Tile:1,Tile:7,Malus,Bonus,Tile:4,Tile:6,Bonus,Map,Tile:10,Tile:10,Tile:7,Tile:0,Tile:6-Tile:6,Destroy,Tile:11,Map,Tile:7,Tile:12,Tile:2-Tile:7,Tile:6,Tile:8,Tile:10,Tile:3,Map,Tile:9-Tile:nugget,Tile:hidden1,Tile:hidden2
Tile:6 6 5 1
Drop 5 0 0
Drop 6 0 1
Tile:7 6 4 0
Tile:8 5 4 1
Map 12 7 0
Tile:8 4 4 1
Tile:8 3 4 0
Tile:13 7 5 1
Tile:10 5 6 0
Tile:8 8 5 1
Tile:6_flip 9 5 0
Tile:12 10 5 1
Tile:6 4 5 0
Tile:8 9 6 1
Tile:3_flip 3 5 0
Tile:7 10 6 1
Tile:9 7 4 0
Destroy 7 5 1
Tile:9_flip 5 7 0
Map 12 5 1
Tile:0 4 7 0
Malus 0 0 1
Drop 5 0 0
Tile:9 10 7 1
Drop 0 0 0
Tile:11 3 3 1
Map 12 5 0
Map 12 7 1
Destroy 6 5 0
Tile:5 5 3 1
Drop 1 0 0
Tile:7 8 4 1
Drop 6 0 0
Tile:2 11 7 1
Drop 0 0 0
Tile:5 7 3 1
Map 12 7 0
Malus 0 0 1
Drop 0 0 0
Destroy 9 5 1
Drop 2 0 0
Tile:1 8 3 1
Drop 1 0 0
Tile:10 3 2 1
Drop 3 0 0
Tile:6 6 5 1
Drop 0 0 0
Tile:7 9 3 1
Drop 2 0 0
Tile:15 9 7 1
Drop 0 0 0
Tile:4 3 1 1
Drop 0 0 0
GAMEOVER USER CANCEL UNDECIDED
# Game ended: Sun Mar 29 14:16:01 EDT 2020
